============================= test session starts ==============================
created: 2/2 workers
2 workers [3 items]

scheduling tests via LoadScheduling

presigned-urls_test.py::test_presigned_put_url 
presigned-urls_test.py::test_presigned_get_url 
[gw1] [ 33%] PASSED presigned-urls_test.py::test_presigned_put_url 
[gw0] [ 66%] PASSED presigned-urls_test.py::test_presigned_get_url 
presigned-urls_test.py::test_presigned_put_url_with_acl 
[gw0] [100%] PASSED presigned-urls_test.py::test_presigned_put_url_with_acl 

============================= fixture duration top =============================
total          name                            num avg            min           
0:00:02.687090            existing_bucket_name   2 0:00:01.343545 0:00:01.119065
0:00:01.805116          bucket_with_one_object   1 0:00:01.805116 0:00:01.805116
0:00:00.883341                       s3_client   3 0:00:00.400813 0:00:00.081715
0:00:00.005009                     test_params   3 0:00:00.001906 0:00:00.001189
0:00:05.380678                     grand total  12 0:00:00.400813 0:00:00.000019
============================ test call duration top ============================
total          name                            num avg            min           
0:00:02.422048          test_presigned_put_url   1 0:00:02.422048 0:00:02.422048
0:00:02.360056          test_presigned_get_url   1 0:00:02.360056 0:00:02.360056
0:00:01.873467 test_presigned_put_url_with_acl   1 0:00:01.873467 0:00:01.873467
0:00:06.655571                     grand total   3 0:00:02.360056 0:00:01.873467
=========================== test setup duration top ============================
total          name                            num avg            min           
0:00:02.208510          test_presigned_get_url   1 0:00:02.208510 0:00:02.208510
0:00:01.971317          test_presigned_put_url   1 0:00:01.971317 0:00:01.971317
0:00:01.202384 test_presigned_put_url_with_acl   1 0:00:01.202384 0:00:01.202384
0:00:05.382211                     grand total   3 0:00:01.971317 0:00:01.202384
========================== test teardown duration top ==========================
total          name                            num avg            min           
0:00:04.089684 test_presigned_put_url_with_acl   1 0:00:04.089684 0:00:04.089684
0:00:02.993118          test_presigned_get_url   1 0:00:02.993118 0:00:02.993118
0:00:00.835282          test_presigned_put_url   1 0:00:00.835282 0:00:00.835282
0:00:07.918084                     grand total   3 0:00:02.993118 0:00:00.835282
============================== 3 passed in 15.52s ==============================
